<?xml version="1.0" encoding="utf-8"?><testsuites><testsuite name="pytest" errors="0" failures="0" skipped="0" tests="11" time="1.140" timestamp="2025-09-02T01:00:23.203825" hostname="Kiitan"><testcase classname="test_app" name="test_home_endpoint" time="0.052" /><testcase classname="test_app" name="test_health_endpoint" time="0.002" /><testcase classname="test_app" name="test_ready_endpoint" time="0.001" /><testcase classname="test_app" name="test_version_endpoint" time="0.002" /><testcase classname="test_app" name="test_users_api" time="0.013" /><testcase classname="test_app" name="test_load_test_endpoint" time="0.013" /><testcase classname="test_app" name="test_error_test_endpoint" time="0.003" /><testcase classname="test_app" name="test_metrics_endpoint" time="0.003" /><testcase classname="test_app" name="test_404_handler" time="0.001" /><testcase classname="test_app" name="test_application_performance" time="0.001" /><testcase classname="test_app" name="test_concurrent_requests" time="0.004" /></testsuite></testsuites>